running egg_info
creating ../../build/stand_arm_control/stand_arm_control.egg-info
writing ../../build/stand_arm_control/stand_arm_control.egg-info/PKG-INFO
writing dependency_links to ../../build/stand_arm_control/stand_arm_control.egg-info/dependency_links.txt
writing entry points to ../../build/stand_arm_control/stand_arm_control.egg-info/entry_points.txt
writing requirements to ../../build/stand_arm_control/stand_arm_control.egg-info/requires.txt
writing top-level names to ../../build/stand_arm_control/stand_arm_control.egg-info/top_level.txt
writing manifest file '../../build/stand_arm_control/stand_arm_control.egg-info/SOURCES.txt'
reading manifest file '../../build/stand_arm_control/stand_arm_control.egg-info/SOURCES.txt'
writing manifest file '../../build/stand_arm_control/stand_arm_control.egg-info/SOURCES.txt'
running build
running build_py
creating /home/soofiyan/workspaces/unitree/unitree_sdk2_python/arm_control_ros2_ws/build/stand_arm_control/build
creating /home/soofiyan/workspaces/unitree/unitree_sdk2_python/arm_control_ros2_ws/build/stand_arm_control/build/lib
creating /home/soofiyan/workspaces/unitree/unitree_sdk2_python/arm_control_ros2_ws/build/stand_arm_control/build/lib/stand_arm_control
copying stand_arm_control/__init__.py -> /home/soofiyan/workspaces/unitree/unitree_sdk2_python/arm_control_ros2_ws/build/stand_arm_control/build/lib/stand_arm_control
running install
running install_lib
creating /home/soofiyan/workspaces/unitree/unitree_sdk2_python/arm_control_ros2_ws/install/stand_arm_control/lib/python3.10/site-packages/stand_arm_control
copying /home/soofiyan/workspaces/unitree/unitree_sdk2_python/arm_control_ros2_ws/build/stand_arm_control/build/lib/stand_arm_control/__init__.py -> /home/soofiyan/workspaces/unitree/unitree_sdk2_python/arm_control_ros2_ws/install/stand_arm_control/lib/python3.10/site-packages/stand_arm_control
byte-compiling /home/soofiyan/workspaces/unitree/unitree_sdk2_python/arm_control_ros2_ws/install/stand_arm_control/lib/python3.10/site-packages/stand_arm_control/__init__.py to __init__.cpython-310.pyc
running install_data
creating /home/soofiyan/workspaces/unitree/unitree_sdk2_python/arm_control_ros2_ws/install/stand_arm_control/share/ament_index
creating /home/soofiyan/workspaces/unitree/unitree_sdk2_python/arm_control_ros2_ws/install/stand_arm_control/share/ament_index/resource_index
creating /home/soofiyan/workspaces/unitree/unitree_sdk2_python/arm_control_ros2_ws/install/stand_arm_control/share/ament_index/resource_index/packages
copying resource/stand_arm_control -> /home/soofiyan/workspaces/unitree/unitree_sdk2_python/arm_control_ros2_ws/install/stand_arm_control/share/ament_index/resource_index/packages
copying package.xml -> /home/soofiyan/workspaces/unitree/unitree_sdk2_python/arm_control_ros2_ws/install/stand_arm_control/share/stand_arm_control
running install_egg_info
Copying ../../build/stand_arm_control/stand_arm_control.egg-info to /home/soofiyan/workspaces/unitree/unitree_sdk2_python/arm_control_ros2_ws/install/stand_arm_control/lib/python3.10/site-packages/stand_arm_control-0.0.0-py3.10.egg-info
running install_scripts
writing list of installed files to '/home/soofiyan/workspaces/unitree/unitree_sdk2_python/arm_control_ros2_ws/build/stand_arm_control/install.log'
