[0.248s] Invoking command in '/home/soofiyan/workspaces/unitree/unitree_sdk2_python/arm_control_ros2_ws/src/stand_arm_control': CONDA_PROMPT_MODIFIER=(base) PYTHONPATH=/home/soofiyan/workspaces/unitree/unitree_sdk2_python/arm_control_ros2_ws/build/stand_arm_control/prefix_override:/usr/lib/python3/dist-packages/colcon_core/task/python/colcon_distutils_commands:/home/soofiyan/workspaces/unitree/unitree_sdk2_python/arm_control_ros2_ws/install/stand_arm_control/lib/python3.10/site-packages:${PYTHONPATH} /usr/bin/python3 -W ignore:setup.py install is deprecated -W ignore:easy_install command is deprecated setup.py egg_info --egg-base ../../build/stand_arm_control build --build-base /home/soofiyan/workspaces/unitree/unitree_sdk2_python/arm_control_ros2_ws/build/stand_arm_control/build install --record /home/soofiyan/workspaces/unitree/unitree_sdk2_python/arm_control_ros2_ws/build/stand_arm_control/install.log --single-version-externally-managed install_data
[0.341s] running egg_info
[0.341s] creating ../../build/stand_arm_control/stand_arm_control.egg-info
[0.341s] writing ../../build/stand_arm_control/stand_arm_control.egg-info/PKG-INFO
[0.341s] writing dependency_links to ../../build/stand_arm_control/stand_arm_control.egg-info/dependency_links.txt
[0.341s] writing entry points to ../../build/stand_arm_control/stand_arm_control.egg-info/entry_points.txt
[0.341s] writing requirements to ../../build/stand_arm_control/stand_arm_control.egg-info/requires.txt
[0.341s] writing top-level names to ../../build/stand_arm_control/stand_arm_control.egg-info/top_level.txt
[0.341s] writing manifest file '../../build/stand_arm_control/stand_arm_control.egg-info/SOURCES.txt'
[0.341s] reading manifest file '../../build/stand_arm_control/stand_arm_control.egg-info/SOURCES.txt'
[0.342s] writing manifest file '../../build/stand_arm_control/stand_arm_control.egg-info/SOURCES.txt'
[0.342s] running build
[0.342s] running build_py
[0.342s] creating /home/soofiyan/workspaces/unitree/unitree_sdk2_python/arm_control_ros2_ws/build/stand_arm_control/build
[0.342s] creating /home/soofiyan/workspaces/unitree/unitree_sdk2_python/arm_control_ros2_ws/build/stand_arm_control/build/lib
[0.342s] creating /home/soofiyan/workspaces/unitree/unitree_sdk2_python/arm_control_ros2_ws/build/stand_arm_control/build/lib/stand_arm_control
[0.342s] copying stand_arm_control/__init__.py -> /home/soofiyan/workspaces/unitree/unitree_sdk2_python/arm_control_ros2_ws/build/stand_arm_control/build/lib/stand_arm_control
[0.342s] running install
[0.342s] running install_lib
[0.343s] creating /home/soofiyan/workspaces/unitree/unitree_sdk2_python/arm_control_ros2_ws/install/stand_arm_control/lib/python3.10/site-packages/stand_arm_control
[0.343s] copying /home/soofiyan/workspaces/unitree/unitree_sdk2_python/arm_control_ros2_ws/build/stand_arm_control/build/lib/stand_arm_control/__init__.py -> /home/soofiyan/workspaces/unitree/unitree_sdk2_python/arm_control_ros2_ws/install/stand_arm_control/lib/python3.10/site-packages/stand_arm_control
[0.343s] byte-compiling /home/soofiyan/workspaces/unitree/unitree_sdk2_python/arm_control_ros2_ws/install/stand_arm_control/lib/python3.10/site-packages/stand_arm_control/__init__.py to __init__.cpython-310.pyc
[0.343s] running install_data
[0.343s] creating /home/soofiyan/workspaces/unitree/unitree_sdk2_python/arm_control_ros2_ws/install/stand_arm_control/share/ament_index
[0.343s] creating /home/soofiyan/workspaces/unitree/unitree_sdk2_python/arm_control_ros2_ws/install/stand_arm_control/share/ament_index/resource_index
[0.343s] creating /home/soofiyan/workspaces/unitree/unitree_sdk2_python/arm_control_ros2_ws/install/stand_arm_control/share/ament_index/resource_index/packages
[0.343s] copying resource/stand_arm_control -> /home/soofiyan/workspaces/unitree/unitree_sdk2_python/arm_control_ros2_ws/install/stand_arm_control/share/ament_index/resource_index/packages
[0.343s] copying package.xml -> /home/soofiyan/workspaces/unitree/unitree_sdk2_python/arm_control_ros2_ws/install/stand_arm_control/share/stand_arm_control
[0.343s] running install_egg_info
[0.343s] Copying ../../build/stand_arm_control/stand_arm_control.egg-info to /home/soofiyan/workspaces/unitree/unitree_sdk2_python/arm_control_ros2_ws/install/stand_arm_control/lib/python3.10/site-packages/stand_arm_control-0.0.0-py3.10.egg-info
[0.344s] running install_scripts
[0.353s] writing list of installed files to '/home/soofiyan/workspaces/unitree/unitree_sdk2_python/arm_control_ros2_ws/build/stand_arm_control/install.log'
[0.362s] Invoked command in '/home/soofiyan/workspaces/unitree/unitree_sdk2_python/arm_control_ros2_ws/src/stand_arm_control' returned '0': CONDA_PROMPT_MODIFIER=(base) PYTHONPATH=/home/soofiyan/workspaces/unitree/unitree_sdk2_python/arm_control_ros2_ws/build/stand_arm_control/prefix_override:/usr/lib/python3/dist-packages/colcon_core/task/python/colcon_distutils_commands:/home/soofiyan/workspaces/unitree/unitree_sdk2_python/arm_control_ros2_ws/install/stand_arm_control/lib/python3.10/site-packages:${PYTHONPATH} /usr/bin/python3 -W ignore:setup.py install is deprecated -W ignore:easy_install command is deprecated setup.py egg_info --egg-base ../../build/stand_arm_control build --build-base /home/soofiyan/workspaces/unitree/unitree_sdk2_python/arm_control_ros2_ws/build/stand_arm_control/build install --record /home/soofiyan/workspaces/unitree/unitree_sdk2_python/arm_control_ros2_ws/build/stand_arm_control/install.log --single-version-externally-managed install_data
